This is pdfTeX, Version 3.14159265-2.6-1.40.21 (TeX Live 2020/W32TeX) (preloaded format=pdflatex 2020.10.24)  8 MAR 2021 22:19
entering extended mode
 restricted \write18 enabled.
 %&-line parsing enabled.
**SAFE_document.tex
(./SAFE_document.tex
LaTeX2e <2020-10-01> patch level 1
L3 programming layer <2020-10-05> xparse <2020-03-03> (c:/Users/Cody/AppData/Ro
aming/TinyTeX/texmf-dist/tex/latex/base/article.cls
Document Class: article 2020/04/10 v1.4m Standard LaTeX document class
(c:/Users/Cody/AppData/Roaming/TinyTeX/texmf-dist/tex/latex/base/size10.clo
File: size10.clo 2020/04/10 v1.4m Standard LaTeX file (size option)
)
\c@part=\count175
\c@section=\count176
\c@subsection=\count177
\c@subsubsection=\count178
\c@paragraph=\count179
\c@subparagraph=\count180
\c@figure=\count181
\c@table=\count182
\abovecaptionskip=\skip47
\belowcaptionskip=\skip48
\bibindent=\dimen138
) (c:/Users/Cody/AppData/Roaming/TinyTeX/texmf-dist/tex/latex/lm/lmodern.sty
Package: lmodern 2009/10/30 v1.6 Latin Modern Fonts
LaTeX Font Info:    Overwriting symbol font `operators' in version `normal'
(Font)                  OT1/cmr/m/n --> OT1/lmr/m/n on input line 22.
LaTeX Font Info:    Overwriting symbol font `letters' in version `normal'
(Font)                  OML/cmm/m/it --> OML/lmm/m/it on input line 23.
LaTeX Font Info:    Overwriting symbol font `symbols' in version `normal'
(Font)                  OMS/cmsy/m/n --> OMS/lmsy/m/n on input line 24.
LaTeX Font Info:    Overwriting symbol font `largesymbols' in version `normal'
(Font)                  OMX/cmex/m/n --> OMX/lmex/m/n on input line 25.
LaTeX Font Info:    Overwriting symbol font `operators' in version `bold'
(Font)                  OT1/cmr/bx/n --> OT1/lmr/bx/n on input line 26.
LaTeX Font Info:    Overwriting symbol font `letters' in version `bold'
(Font)                  OML/cmm/b/it --> OML/lmm/b/it on input line 27.
LaTeX Font Info:    Overwriting symbol font `symbols' in version `bold'
(Font)                  OMS/cmsy/b/n --> OMS/lmsy/b/n on input line 28.
LaTeX Font Info:    Overwriting symbol font `largesymbols' in version `bold'
(Font)                  OMX/cmex/m/n --> OMX/lmex/m/n on input line 29.
LaTeX Font Info:    Overwriting math alphabet `\mathbf' in version `normal'
(Font)                  OT1/cmr/bx/n --> OT1/lmr/bx/n on input line 31.
LaTeX Font Info:    Overwriting math alphabet `\mathsf' in version `normal'
(Font)                  OT1/cmss/m/n --> OT1/lmss/m/n on input line 32.
LaTeX Font Info:    Overwriting math alphabet `\mathit' in version `normal'
(Font)                  OT1/cmr/m/it --> OT1/lmr/m/it on input line 33.
LaTeX Font Info:    Overwriting math alphabet `\mathtt' in version `normal'
(Font)                  OT1/cmtt/m/n --> OT1/lmtt/m/n on input line 34.
LaTeX Font Info:    Overwriting math alphabet `\mathbf' in version `bold'
(Font)                  OT1/cmr/bx/n --> OT1/lmr/bx/n on input line 35.
LaTeX Font Info:    Overwriting math alphabet `\mathsf' in version `bold'
(Font)                  OT1/cmss/bx/n --> OT1/lmss/bx/n on input line 36.
LaTeX Font Info:    Overwriting math alphabet `\mathit' in version `bold'
(Font)                  OT1/cmr/bx/it --> OT1/lmr/bx/it on input line 37.
LaTeX Font Info:    Overwriting math alphabet `\mathtt' in version `bold'
(Font)                  OT1/cmtt/m/n --> OT1/lmtt/m/n on input line 38.
)
(c:/Users/Cody/AppData/Roaming/TinyTeX/texmf-dist/tex/latex/amsfonts/amssymb.st
y
Package: amssymb 2013/01/14 v3.01 AMS font symbols

(c:/Users/Cody/AppData/Roaming/TinyTeX/texmf-dist/tex/latex/amsfonts/amsfonts.s
ty
Package: amsfonts 2013/01/14 v3.01 Basic AMSFonts support
\@emptytoks=\toks15
\symAMSa=\mathgroup4
\symAMSb=\mathgroup5
LaTeX Font Info:    Redeclaring math symbol \hbar on input line 98.
LaTeX Font Info:    Overwriting math alphabet `\mathfrak' in version `bold'
(Font)                  U/euf/m/n --> U/euf/b/n on input line 106.
))
(c:/Users/Cody/AppData/Roaming/TinyTeX/texmf-dist/tex/latex/amsmath/amsmath.sty
Package: amsmath 2020/09/23 v2.17i AMS math features
\@mathmargin=\skip49
For additional information on amsmath, use the `?' option.

(c:/Users/Cody/AppData/Roaming/TinyTeX/texmf-dist/tex/latex/amsmath/amstext.sty
Package: amstext 2000/06/29 v2.01 AMS text
(c:/Users/Cody/AppData/Roaming/TinyTeX/texmf-dist/tex/latex/amsmath/amsgen.sty
File: amsgen.sty 1999/11/30 v2.0 generic functions
\@emptytoks=\toks16
\ex@=\dimen139
)) (c:/Users/Cody/AppData/Roaming/TinyTeX/texmf-dist/tex/latex/amsmath/amsbsy.s
ty
Package: amsbsy 1999/11/29 v1.2d Bold Symbols
\pmbraise@=\dimen140
) (c:/Users/Cody/AppData/Roaming/TinyTeX/texmf-dist/tex/latex/amsmath/amsopn.st
y
Package: amsopn 2016/03/08 v2.02 operator names
)
\inf@bad=\count183
LaTeX Info: Redefining \frac on input line 234.
\uproot@=\count184
\leftroot@=\count185
LaTeX Info: Redefining \overline on input line 399.
\classnum@=\count186
\DOTSCASE@=\count187
LaTeX Info: Redefining \ldots on input line 496.
LaTeX Info: Redefining \dots on input line 499.
LaTeX Info: Redefining \cdots on input line 620.
\Mathstrutbox@=\box47
\strutbox@=\box48
\big@size=\dimen141
LaTeX Font Info:    Redeclaring font encoding OML on input line 743.
LaTeX Font Info:    Redeclaring font encoding OMS on input line 744.
\macc@depth=\count188
\c@MaxMatrixCols=\count189
\dotsspace@=\muskip16
\c@parentequation=\count190
\dspbrk@lvl=\count191
\tag@help=\toks17
\row@=\count192
\column@=\count193
\maxfields@=\count194
\andhelp@=\toks18
\eqnshift@=\dimen142
\alignsep@=\dimen143
\tagshift@=\dimen144
\tagwidth@=\dimen145
\totwidth@=\dimen146
\lineht@=\dimen147
\@envbody=\toks19
\multlinegap=\skip50
\multlinetaggap=\skip51
\mathdisplay@stack=\toks20
LaTeX Info: Redefining \[ on input line 2923.
LaTeX Info: Redefining \] on input line 2924.
)
(c:/Users/Cody/AppData/Roaming/TinyTeX/texmf-dist/tex/generic/iftex/ifxetex.sty
Package: ifxetex 2019/10/25 v0.7 ifxetex legacy package. Use iftex instead.
(c:/Users/Cody/AppData/Roaming/TinyTeX/texmf-dist/tex/generic/iftex/iftex.sty
Package: iftex 2020/03/06 v1.0d TeX engine tests
))
(c:/Users/Cody/AppData/Roaming/TinyTeX/texmf-dist/tex/generic/iftex/ifluatex.st
y
Package: ifluatex 2019/10/25 v1.5 ifluatex legacy package. Use iftex instead.
) (c:/Users/Cody/AppData/Roaming/TinyTeX/texmf-dist/tex/latex/base/fontenc.sty
Package: fontenc 2020/08/10 v2.0s Standard LaTeX package
LaTeX Font Info:    Trying to load font information for T1+lmr on input line 11
2.
(c:/Users/Cody/AppData/Roaming/TinyTeX/texmf-dist/tex/latex/lm/t1lmr.fd
File: t1lmr.fd 2009/10/30 v1.6 Font defs for Latin Modern
)) (c:/Users/Cody/AppData/Roaming/TinyTeX/texmf-dist/tex/latex/base/inputenc.st
y
Package: inputenc 2020/08/01 v1.3d Input encoding file
\inpenc@prehook=\toks21
\inpenc@posthook=\toks22
) (c:/Users/Cody/AppData/Roaming/TinyTeX/texmf-dist/tex/latex/base/textcomp.sty
Package: textcomp 2020/02/02 v2.0n Standard LaTeX package
) (c:/Users/Cody/AppData/Roaming/TinyTeX/texmf-dist/tex/latex/xcolor/xcolor.sty
Package: xcolor 2016/05/11 v2.12 LaTeX color extensions (UK)

(c:/Users/Cody/AppData/Roaming/TinyTeX/texmf-dist/tex/latex/graphics-cfg/color.
cfg
File: color.cfg 2016/01/02 v1.6 sample color configuration
)
Package xcolor Info: Driver file: pdftex.def on input line 225.

(c:/Users/Cody/AppData/Roaming/TinyTeX/texmf-dist/tex/latex/graphics-def/pdftex
.def
File: pdftex.def 2020/10/05 v1.2a Graphics/color driver for pdftex
)
Package xcolor Info: Model `cmy' substituted by `cmy0' on input line 1348.
Package xcolor Info: Model `hsb' substituted by `rgb' on input line 1352.
Package xcolor Info: Model `RGB' extended on input line 1364.
Package xcolor Info: Model `HTML' substituted by `rgb' on input line 1366.
Package xcolor Info: Model `Hsb' substituted by `hsb' on input line 1367.
Package xcolor Info: Model `tHsb' substituted by `hsb' on input line 1368.
Package xcolor Info: Model `HSB' substituted by `hsb' on input line 1369.
Package xcolor Info: Model `Gray' substituted by `gray' on input line 1370.
Package xcolor Info: Model `wave' substituted by `hsb' on input line 1371.
)
(c:/Users/Cody/AppData/Roaming/TinyTeX/texmf-dist/tex/latex/hyperref/hyperref.s
ty
Package: hyperref 2020-05-15 v7.00e Hypertext links for LaTeX

(c:/Users/Cody/AppData/Roaming/TinyTeX/texmf-dist/tex/generic/ltxcmds/ltxcmds.s
ty
Package: ltxcmds 2020-05-10 v1.25 LaTeX kernel commands for general use (HO)
)
(c:/Users/Cody/AppData/Roaming/TinyTeX/texmf-dist/tex/generic/pdftexcmds/pdftex
cmds.sty
Package: pdftexcmds 2020-06-27 v0.33 Utility functions of pdfTeX for LuaTeX (HO
)

(c:/Users/Cody/AppData/Roaming/TinyTeX/texmf-dist/tex/generic/infwarerr/infware
rr.sty
Package: infwarerr 2019/12/03 v1.5 Providing info/warning/error messages (HO)
)
Package pdftexcmds Info: \pdf@primitive is available.
Package pdftexcmds Info: \pdf@ifprimitive is available.
Package pdftexcmds Info: \pdfdraftmode found.
)
(c:/Users/Cody/AppData/Roaming/TinyTeX/texmf-dist/tex/latex/graphics/keyval.sty
Package: keyval 2014/10/28 v1.15 key=value parser (DPC)
\KV@toks@=\toks23
)
(c:/Users/Cody/AppData/Roaming/TinyTeX/texmf-dist/tex/generic/kvsetkeys/kvsetke
ys.sty
Package: kvsetkeys 2019/12/15 v1.18 Key value parser (HO)
)
(c:/Users/Cody/AppData/Roaming/TinyTeX/texmf-dist/tex/generic/kvdefinekeys/kvde
finekeys.sty
Package: kvdefinekeys 2019-12-19 v1.6 Define keys (HO)
)
(c:/Users/Cody/AppData/Roaming/TinyTeX/texmf-dist/tex/generic/pdfescape/pdfesca
pe.sty
Package: pdfescape 2019/12/09 v1.15 Implements pdfTeX's escape features (HO)
)
(c:/Users/Cody/AppData/Roaming/TinyTeX/texmf-dist/tex/latex/hycolor/hycolor.sty
Package: hycolor 2020-01-27 v1.10 Color options for hyperref/bookmark (HO)
)
(c:/Users/Cody/AppData/Roaming/TinyTeX/texmf-dist/tex/latex/letltxmacro/letltxm
acro.sty
Package: letltxmacro 2019/12/03 v1.6 Let assignment for LaTeX macros (HO)
)
(c:/Users/Cody/AppData/Roaming/TinyTeX/texmf-dist/tex/latex/auxhook/auxhook.sty
Package: auxhook 2019-12-17 v1.6 Hooks for auxiliary files (HO)
)
(c:/Users/Cody/AppData/Roaming/TinyTeX/texmf-dist/tex/latex/kvoptions/kvoptions
.sty
Package: kvoptions 2020-10-07 v3.14 Key value format for package options (HO)
)
\@linkdim=\dimen148
\Hy@linkcounter=\count195
\Hy@pagecounter=\count196

(c:/Users/Cody/AppData/Roaming/TinyTeX/texmf-dist/tex/latex/hyperref/pd1enc.def
File: pd1enc.def 2020-05-15 v7.00e Hyperref: PDFDocEncoding definition (HO)
Now handling font encoding PD1 ...
... no UTF-8 mapping file for font encoding PD1
)
(c:/Users/Cody/AppData/Roaming/TinyTeX/texmf-dist/tex/generic/intcalc/intcalc.s
ty
Package: intcalc 2019/12/15 v1.3 Expandable calculations with integers (HO)
)
(c:/Users/Cody/AppData/Roaming/TinyTeX/texmf-dist/tex/generic/etexcmds/etexcmds
.sty
Package: etexcmds 2019/12/15 v1.7 Avoid name clashes with e-TeX commands (HO)
)
\Hy@SavedSpaceFactor=\count197
Package hyperref Info: Option `unicode' set `true' on input line 4338.
(c:/Users/Cody/AppData/Roaming/TinyTeX/texmf-dist/tex/latex/hyperref/puenc.def
File: puenc.def 2020-05-15 v7.00e Hyperref: PDF Unicode definition (HO)
Now handling font encoding PU ...
... no UTF-8 mapping file for font encoding PU
)
Package hyperref Info: Hyper figures OFF on input line 4464.
Package hyperref Info: Link nesting OFF on input line 4469.
Package hyperref Info: Hyper index ON on input line 4472.
Package hyperref Info: Plain pages OFF on input line 4479.
Package hyperref Info: Backreferencing OFF on input line 4484.
Package hyperref Info: Implicit mode ON; LaTeX internals redefined.
Package hyperref Info: Bookmarks ON on input line 4717.
\c@Hy@tempcnt=\count198
(c:/Users/Cody/AppData/Roaming/TinyTeX/texmf-dist/tex/latex/url/url.sty
\Urlmuskip=\muskip17
Package: url 2013/09/16  ver 3.4  Verb mode for urls, etc.
)
LaTeX Info: Redefining \url on input line 5076.
\XeTeXLinkMargin=\dimen149

(c:/Users/Cody/AppData/Roaming/TinyTeX/texmf-dist/tex/generic/bitset/bitset.sty
Package: bitset 2019/12/09 v1.3 Handle bit-vector datatype (HO)

(c:/Users/Cody/AppData/Roaming/TinyTeX/texmf-dist/tex/generic/bigintcalc/bigint
calc.sty
Package: bigintcalc 2019/12/15 v1.5 Expandable calculations on big integers (HO
)
))
\Fld@menulength=\count199
\Field@Width=\dimen150
\Fld@charsize=\dimen151
Package hyperref Info: Hyper figures OFF on input line 6347.
Package hyperref Info: Link nesting OFF on input line 6352.
Package hyperref Info: Hyper index ON on input line 6355.
Package hyperref Info: backreferencing OFF on input line 6362.
Package hyperref Info: Link coloring OFF on input line 6367.
Package hyperref Info: Link coloring with OCG OFF on input line 6372.
Package hyperref Info: PDF/A mode OFF on input line 6377.
LaTeX Info: Redefining \ref on input line 6417.
LaTeX Info: Redefining \pageref on input line 6421.

(c:/Users/Cody/AppData/Roaming/TinyTeX/texmf-dist/tex/latex/base/atbegshi-ltx.s
ty
Package: atbegshi-ltx 2020/08/17 v1.0a Emulation of the original atbegshi packa
ge
with kernel methods
)
\Hy@abspage=\count266
\c@Item=\count267
\c@Hfootnote=\count268
)
Package hyperref Info: Driver (autodetected): hpdftex.

(c:/Users/Cody/AppData/Roaming/TinyTeX/texmf-dist/tex/latex/hyperref/hpdftex.de
f
File: hpdftex.def 2020-05-15 v7.00e Hyperref driver for pdfTeX

(c:/Users/Cody/AppData/Roaming/TinyTeX/texmf-dist/tex/latex/base/atveryend-ltx.
sty
Package: atveryend-ltx 2020/08/19 v1.0a Emulation of the original atvery packag
e
with kernel methods
)
\Fld@listcount=\count269
\c@bookmark@seq@number=\count270

(c:/Users/Cody/AppData/Roaming/TinyTeX/texmf-dist/tex/latex/rerunfilecheck/reru
nfilecheck.sty
Package: rerunfilecheck 2019/12/05 v1.9 Rerun checks for auxiliary files (HO)

(c:/Users/Cody/AppData/Roaming/TinyTeX/texmf-dist/tex/generic/uniquecounter/uni
quecounter.sty
Package: uniquecounter 2019/12/15 v1.4 Provide unlimited unique counter (HO)
)
Package uniquecounter Info: New unique counter `rerunfilecheck' on input line 2
86.
)
\Hy@SectionHShift=\skip52
)
(c:/Users/Cody/AppData/Roaming/TinyTeX/texmf-dist/tex/latex/geometry/geometry.s
ty
Package: geometry 2020/01/02 v5.9 Page Geometry
(c:/Users/Cody/AppData/Roaming/TinyTeX/texmf-dist/tex/generic/iftex/ifvtex.sty
Package: ifvtex 2019/10/25 v1.7 ifvtex legacy package. Use iftex instead.
)
\Gm@cnth=\count271
\Gm@cntv=\count272
\c@Gm@tempcnt=\count273
\Gm@bindingoffset=\dimen152
\Gm@wd@mp=\dimen153
\Gm@odd@mp=\dimen154
\Gm@even@mp=\dimen155
\Gm@layoutwidth=\dimen156
\Gm@layoutheight=\dimen157
\Gm@layouthoffset=\dimen158
\Gm@layoutvoffset=\dimen159
\Gm@dimlist=\toks24
)
(c:/Users/Cody/AppData/Roaming/TinyTeX/texmf-dist/tex/latex/tools/longtable.sty
Package: longtable 2020/01/07 v4.13 Multi-page Table package (DPC)
\LTleft=\skip53
\LTright=\skip54
\LTpre=\skip55
\LTpost=\skip56
\LTchunksize=\count274
\LTcapwidth=\dimen160
\LT@head=\box49
\LT@firsthead=\box50
\LT@foot=\box51
\LT@lastfoot=\box52
\LT@cols=\count275
\LT@rows=\count276
\c@LT@tables=\count277
\c@LT@chunks=\count278
\LT@p@ftn=\toks25
)
(c:/Users/Cody/AppData/Roaming/TinyTeX/texmf-dist/tex/latex/booktabs/booktabs.s
ty
Package: booktabs 2020/01/12 v1.61803398 Publication quality tables
\heavyrulewidth=\dimen161
\lightrulewidth=\dimen162
\cmidrulewidth=\dimen163
\belowrulesep=\dimen164
\belowbottomsep=\dimen165
\aboverulesep=\dimen166
\abovetopsep=\dimen167
\cmidrulesep=\dimen168
\cmidrulekern=\dimen169
\defaultaddspace=\dimen170
\@cmidla=\count279
\@cmidlb=\count280
\@aboverulesep=\dimen171
\@belowrulesep=\dimen172
\@thisruleclass=\count281
\@lastruleclass=\count282
\@thisrulewidth=\dimen173
)
(c:/Users/Cody/AppData/Roaming/TinyTeX/texmf-dist/tex/latex/etoolbox/etoolbox.s
ty
Package: etoolbox 2020/10/05 v2.5k e-TeX tools for LaTeX (JAW)
\etb@tempcnta=\count283
)
(c:/Users/Cody/AppData/Roaming/TinyTeX/texmf-dist/tex/latex/mdwtools/footnote.s
ty
Package: footnote 1997/01/28 1.13 Save footnotes around boxes
\fn@notes=\box53
\fn@width=\dimen174
)
(c:/Users/Cody/AppData/Roaming/TinyTeX/texmf-dist/tex/latex/graphics/graphicx.s
ty
Package: graphicx 2020/09/09 v1.2b Enhanced LaTeX Graphics (DPC,SPQR)

(c:/Users/Cody/AppData/Roaming/TinyTeX/texmf-dist/tex/latex/graphics/graphics.s
ty
Package: graphics 2020/08/30 v1.4c Standard LaTeX Graphics (DPC,SPQR)
(c:/Users/Cody/AppData/Roaming/TinyTeX/texmf-dist/tex/latex/graphics/trig.sty
Package: trig 2016/01/03 v1.10 sin cos tan (DPC)
)
(c:/Users/Cody/AppData/Roaming/TinyTeX/texmf-dist/tex/latex/graphics-cfg/graphi
cs.cfg
File: graphics.cfg 2016/06/04 v1.11 sample graphics configuration
)
Package graphics Info: Driver file: pdftex.def on input line 105.
)
\Gin@req@height=\dimen175
\Gin@req@width=\dimen176
)
(c:/Users/Cody/AppData/Roaming/TinyTeX/texmf-dist/tex/latex/l3backend/l3backend
-pdftex.def
File: l3backend-pdftex.def 2020-09-24 L3 backend support: PDF output (pdfTeX)
\l__kernel_color_stack_int=\count284
\l__pdf_internal_box=\box54
) (./SAFE_document.aux

LaTeX Warning: Label `predsurvbio' multiply defined.


LaTeX Warning: Label `predtotnum' multiply defined.

)
\openout1 = `SAFE_document.aux'.

LaTeX Font Info:    Checking defaults for OML/cmm/m/it on input line 80.
LaTeX Font Info:    ... okay on input line 80.
LaTeX Font Info:    Checking defaults for OMS/cmsy/m/n on input line 80.
LaTeX Font Info:    ... okay on input line 80.
LaTeX Font Info:    Checking defaults for OT1/cmr/m/n on input line 80.
LaTeX Font Info:    ... okay on input line 80.
LaTeX Font Info:    Checking defaults for T1/cmr/m/n on input line 80.
LaTeX Font Info:    ... okay on input line 80.
LaTeX Font Info:    Checking defaults for TS1/cmr/m/n on input line 80.
LaTeX Font Info:    ... okay on input line 80.
LaTeX Font Info:    Checking defaults for OMX/cmex/m/n on input line 80.
LaTeX Font Info:    ... okay on input line 80.
LaTeX Font Info:    Checking defaults for U/cmr/m/n on input line 80.
LaTeX Font Info:    ... okay on input line 80.
LaTeX Font Info:    Checking defaults for PD1/pdf/m/n on input line 80.
LaTeX Font Info:    ... okay on input line 80.
LaTeX Font Info:    Checking defaults for PU/pdf/m/n on input line 80.
LaTeX Font Info:    ... okay on input line 80.

(c:/Users/Cody/AppData/Roaming/TinyTeX/texmf-dist/tex/latex/epstopdf-pkg/epstop
df-base.sty
Package: epstopdf-base 2020-01-24 v2.11 Base part for package epstopdf
Package epstopdf-base Info: Redefining graphics rule for `.eps' on input line 4
85.

(c:/Users/Cody/AppData/Roaming/TinyTeX/texmf-dist/tex/latex/latexconfig/epstopd
f-sys.cfg
File: epstopdf-sys.cfg 2010/07/13 v1.3 Configuration of (r)epstopdf for TeX Liv
e
))
Package hyperref Info: Link coloring OFF on input line 80.

(c:/Users/Cody/AppData/Roaming/TinyTeX/texmf-dist/tex/latex/hyperref/nameref.st
y
Package: nameref 2019/09/16 v2.46 Cross-referencing by name of section

(c:/Users/Cody/AppData/Roaming/TinyTeX/texmf-dist/tex/latex/refcount/refcount.s
ty
Package: refcount 2019/12/15 v3.6 Data extraction from label references (HO)
)
(c:/Users/Cody/AppData/Roaming/TinyTeX/texmf-dist/tex/generic/gettitlestring/ge
ttitlestring.sty
Package: gettitlestring 2019/12/15 v1.6 Cleanup title references (HO)
)
\c@section@level=\count285
)
LaTeX Info: Redefining \ref on input line 80.
LaTeX Info: Redefining \pageref on input line 80.
LaTeX Info: Redefining \nameref on input line 80.
(./SAFE_document.out) (./SAFE_document.out)
\@outlinefile=\write3
\openout3 = `SAFE_document.out'.

*geometry* driver: auto-detecting
*geometry* detected driver: pdftex
*geometry* verbose mode - [ preamble ] result:
* driver: pdftex
* paper: <default>
* layout: <same size as paper>
* layoutoffset:(h,v)=(0.0pt,0.0pt)
* modes: 
* h-part:(L,W,R)=(72.26999pt, 469.75502pt, 72.26999pt)
* v-part:(T,H,B)=(72.26999pt, 650.43001pt, 72.26999pt)
* \paperwidth=614.295pt
* \paperheight=794.96999pt
* \textwidth=469.75502pt
* \textheight=650.43001pt
* \oddsidemargin=0.0pt
* \evensidemargin=0.0pt
* \topmargin=-37.0pt
* \headheight=12.0pt
* \headsep=25.0pt
* \topskip=10.0pt
* \footskip=30.0pt
* \marginparwidth=65.0pt
* \marginparsep=11.0pt
* \columnsep=10.0pt
* \skip\footins=9.0pt plus 4.0pt minus 2.0pt
* \hoffset=0.0pt
* \voffset=0.0pt
* \mag=1000
* \@twocolumnfalse
* \@twosidefalse
* \@mparswitchfalse
* \@reversemarginfalse
* (1in=72.27pt=25.4mm, 1cm=28.453pt)

LaTeX Font Info:    Trying to load font information for OT1+lmr on input line 8
2.
(c:/Users/Cody/AppData/Roaming/TinyTeX/texmf-dist/tex/latex/lm/ot1lmr.fd
File: ot1lmr.fd 2009/10/30 v1.6 Font defs for Latin Modern
)
LaTeX Font Info:    Trying to load font information for OML+lmm on input line 8
2.
(c:/Users/Cody/AppData/Roaming/TinyTeX/texmf-dist/tex/latex/lm/omllmm.fd
File: omllmm.fd 2009/10/30 v1.6 Font defs for Latin Modern
)
LaTeX Font Info:    Trying to load font information for OMS+lmsy on input line 
82.
(c:/Users/Cody/AppData/Roaming/TinyTeX/texmf-dist/tex/latex/lm/omslmsy.fd
File: omslmsy.fd 2009/10/30 v1.6 Font defs for Latin Modern
)
LaTeX Font Info:    Trying to load font information for OMX+lmex on input line 
82.
(c:/Users/Cody/AppData/Roaming/TinyTeX/texmf-dist/tex/latex/lm/omxlmex.fd
File: omxlmex.fd 2009/10/30 v1.6 Font defs for Latin Modern
)
LaTeX Font Info:    External font `lmex10' loaded for size
(Font)              <12> on input line 82.
LaTeX Font Info:    External font `lmex10' loaded for size
(Font)              <8> on input line 82.
LaTeX Font Info:    External font `lmex10' loaded for size
(Font)              <6> on input line 82.
LaTeX Font Info:    Trying to load font information for U+msa on input line 82.

(c:/Users/Cody/AppData/Roaming/TinyTeX/texmf-dist/tex/latex/amsfonts/umsa.fd
File: umsa.fd 2013/01/14 v3.01 AMS symbols A
)
LaTeX Font Info:    Trying to load font information for U+msb on input line 82.

(c:/Users/Cody/AppData/Roaming/TinyTeX/texmf-dist/tex/latex/amsfonts/umsb.fd
File: umsb.fd 2013/01/14 v3.01 AMS symbols B
) (./SAFE_document.toc
LaTeX Font Info:    External font `lmex10' loaded for size
(Font)              <10> on input line 3.
LaTeX Font Info:    External font `lmex10' loaded for size
(Font)              <7> on input line 3.
LaTeX Font Info:    External font `lmex10' loaded for size
(Font)              <5> on input line 3.
[1

{c:/Users/Cody/AppData/Roaming/TinyTeX/texmf-var/fonts/map/pdftex/updmap/pdftex
.map}])
\tf@toc=\write4
\openout4 = `SAFE_document.toc'.

pdfTeX warning (ext4): destination with the same identifier (name{page.}) has b
een already used, duplicate ignored
<to be read again> 
                   \relax 
l.87 \newpage
              [2]pdfTeX warning (ext4): destination with the same identifier (n
ame{page.}) has been already used, duplicate ignored
<to be read again> 
                   \relax 
l.151 \newpage
               [3]pdfTeX warning (ext4): destination with the same identifier (
name{page.}) has been already used, duplicate ignored
<to be read again> 
                   \relax 
l.497 \newpage
               [4]pdfTeX warning (ext4): destination with the same identifier (
name{page.}) has been already used, duplicate ignored
<to be read again> 
                   \relax 
l.547 \newpage
               [5]
LaTeX Font Info:    Trying to load font information for TS1+lmr on input line 6
01.
(c:/Users/Cody/AppData/Roaming/TinyTeX/texmf-dist/tex/latex/lm/ts1lmr.fd
File: ts1lmr.fd 2009/10/30 v1.6 Font defs for Latin Modern
)pdfTeX warning (ext4): destination with the same identifier (name{page.}) has 
been already used, duplicate ignored
<to be read again> 
                   \relax 
l.629 \newpage
               [6]pdfTeX warning (ext4): destination with the same identifier (
name{page.}) has been already used, duplicate ignored
<to be read again> 
                   \relax 
l.775 \end{longtable}
                      [7]pdfTeX warning (ext4): destination with the same ident
ifier (name{page.}) has been already used, duplicate ignored
<to be read again> 
                   \relax 
l.844 
       [8]pdfTeX warning (ext4): destination with the same identifier (name{pag
e.}) has been already used, duplicate ignored
<to be read again> 
                   \relax 
l.934 
       [9]pdfTeX warning (ext4): destination with the same identifier (name{pag
e.}) has been already used, duplicate ignored
<to be read again> 
                   \relax 
l.1004 
        [10]pdfTeX warning (ext4): destination with the same identifier (name{p
age.}) has been already used, duplicate ignored
<to be read again> 
                   \relax 
l.1094 
        [11]

LaTeX Warning: Reference `trawl_change' on page  undefined on input line 1101.

pdfTeX warning (ext4): destination with the same identifier (name{page.}) has b
een already used, duplicate ignored
<to be read again> 
                   \relax 
l.1210 \end{longtable}
                       [12]pdfTeX warning (ext4): destination with the same ide
ntifier (name{page.}) has been already used, duplicate ignored
<to be read again> 
                   \relax 
l.1296 
        [13]pdfTeX warning (ext4): destination with the same identifier (name{p
age.}) has been already used, duplicate ignored
<to be read again> 
                   \relax 
l.1363 
        [14]pdfTeX warning (ext4): destination with the same identifier (name{p
age.}) has been already used, duplicate ignored
<to be read again> 
                   \relax 
l.1452 
        [15]pdfTeX warning (ext4): destination with the same identifier (name{p
age.}) has been already used, duplicate ignored
<to be read again> 
                   \relax 
l.1520 
        [16]pdfTeX warning (ext4): destination with the same identifier (name{p
age.}) has been already used, duplicate ignored
<to be read again> 
                   \relax 
l.1600 
        [17]pdfTeX warning (ext4): destination with the same identifier (name{p
age.}) has been already used, duplicate ignored
<to be read again> 
                   \relax 
l.1683 
        [18]pdfTeX warning (ext4): destination with the same identifier (name{p
age.}) has been already used, duplicate ignored
<to be read again> 
                   \relax 
l.1767 
        [19]pdfTeX warning (ext4): destination with the same identifier (name{p
age.}) has been already used, duplicate ignored
<to be read again> 
                   \relax 
l.1768 \newpage
                [20]pdfTeX warning (ext4): destination with the same identifier
 (name{page.}) has been already used, duplicate ignored
<to be read again> 
                   \relax 
l.1857 
        [21]pdfTeX warning (ext4): destination with the same identifier (name{p
age.}) has been already used, duplicate ignored
<to be read again> 
                   \relax 
l.1934 
        [22]pdfTeX warning (ext4): destination with the same identifier (name{p
age.}) has been already used, duplicate ignored
<to be read again> 
                   \relax 
l.1935 \newpage
                [23]pdfTeX warning (ext4): destination with the same identifier
 (name{page.}) has been already used, duplicate ignored
<to be read again> 
                   \relax 
l.2013 ...f S_{s,f,y,l} F_{s,f,y,l} \end{equation}
                                                   [24]pdfTeX warning (ext4): d
estination with the same identifier (name{page.}) has been already used, duplic
ate ignored
<to be read again> 
                   \relax 
l.2075   \end{equation}
                        [25]pdfTeX warning (ext4): destination with the same id
entifier (name{page.}) has been already used, duplicate ignored
<to be read again> 
                   \relax 
l.2147 \end{equation}
                      [26]pdfTeX warning (ext4): destination with the same iden
tifier (name{page.}) has been already used, duplicate ignored
<to be read again> 
                   \relax 
l.2218 
        [27]
Overfull \hbox (10.77571pt too wide) detected at line 2274
[]
 []

pdfTeX warning (ext4): destination with the same identifier (name{page.}) has b
een already used, duplicate ignored
<to be read again> 
                   \relax 
l.2291 \end{itemize}
                     [28]pdfTeX warning (ext4): destination with the same ident
ifier (name{page.}) has been already used, duplicate ignored
<to be read again> 
                   \relax 
l.2370   N
          atural mortality changes over time as a random walk, i.e.: [29]
Underfull \hbox (badness 10000) in paragraph at lines 2388--2392

 []


Underfull \hbox (badness 10000) in paragraph at lines 2392--2396

 []

pdfTeX warning (ext4): destination with the same identifier (name{page.}) has b
een already used, duplicate ignored
<to be read again> 
                   \relax 
l.2461 
        [30]pdfTeX warning (ext4): destination with the same identifier (name{p
age.}) has been already used, duplicate ignored
<to be read again> 
                   \relax 
l.2522 
        [31]pdfTeX warning (ext4): destination with the same identifier (name{p
age.}) has been already used, duplicate ignored
<to be read again> 
                   \relax 
l.2605 \end{itemize}
                     [32]pdfTeX warning (ext4): destination with the same ident
ifier (name{page.}) has been already used, duplicate ignored
<to be read again> 
                   \relax 
l.2627 \newpage
                [33]pdfTeX warning (ext4): destination with the same identifier
 (name{page.}) has been already used, duplicate ignored
<to be read again> 
                   \relax 
l.3260 \end{longtable}
                       [34]pdfTeX warning (ext4): destination with the same ide
ntifier (name{page.}) has been already used, duplicate ignored
<to be read again> 
                   \relax 
l.3262 \newpage
                [35]pdfTeX warning (ext4): destination with the same identifier
 (name{page.}) has been already used, duplicate ignored
<to be read again> 
                   \relax 
l.3717 \newpage
                [36]pdfTeX warning (ext4): destination with the same identifier
 (name{page.}) has been already used, duplicate ignored
<to be read again> 
                   \relax 
l.4331 \newpage
                [37]pdfTeX warning (ext4): destination with the same identifier
 (name{page.}) has been already used, duplicate ignored
<to be read again> 
                   \relax 
l.4357 \newpage
                [38]pdfTeX warning (ext4): destination with the same identifier
 (name{page.}) has been already used, duplicate ignored
<to be read again> 
                   \relax 
l.5155 \newpage
                [39]pdfTeX warning (ext4): destination with the same identifier
 (name{page.}) has been already used, duplicate ignored
<to be read again> 
                   \relax 
l.5375 \newpage
                [40]pdfTeX warning (ext4): destination with the same identifier
 (name{page.}) has been already used, duplicate ignored
<to be read again> 
                   \relax 
l.5753 \newpage
                [41]pdfTeX warning (ext4): destination with the same identifier
 (name{page.}) has been already used, duplicate ignored
<to be read again> 
                   \relax 
l.6137 \newpage
                [42]pdfTeX warning (ext4): destination with the same identifier
 (name{page.}) has been already used, duplicate ignored
<to be read again> 
                   \relax 
l.6206 \newpage
                [43]
<plots/all_male_density.png, id=672, 578.16pt x 578.16pt>
File: plots/all_male_density.png Graphic file (type png)
<use plots/all_male_density.png>
Package pdftex.def Info: plots/all_male_density.png  used on input line 6209.
(pdftex.def)             Requested size: 578.18504pt x 578.18504pt.

Overfull \hbox (108.43002pt too wide) in paragraph at lines 6209--6209
[][] 
 []

<plots/all_female_density.png, id=673, 578.16pt x 578.16pt>
File: plots/all_female_density.png Graphic file (type png)
<use plots/all_female_density.png>
Package pdftex.def Info: plots/all_female_density.png  used on input line 6215.

(pdftex.def)             Requested size: 578.18504pt x 578.18504pt.

Overfull \hbox (108.43002pt too wide) in paragraph at lines 6215--6215
[][] 
 []

<plots/all_male77_density.png, id=674, 578.16pt x 578.16pt>
File: plots/all_male77_density.png Graphic file (type png)
<use plots/all_male77_density.png>
Package pdftex.def Info: plots/all_male77_density.png  used on input line 6221.

(pdftex.def)             Requested size: 578.18504pt x 578.18504pt.

Overfull \hbox (108.43002pt too wide) in paragraph at lines 6221--6221
[][] 
 []

<plots/all_male101_density.png, id=675, 578.16pt x 578.16pt>
File: plots/all_male101_density.png Graphic file (type png)
<use plots/all_male101_density.png>
Package pdftex.def Info: plots/all_male101_density.png  used on input line 6227
.
(pdftex.def)             Requested size: 578.18504pt x 578.18504pt.

Overfull \hbox (108.43002pt too wide) in paragraph at lines 6227--6227
[][] 
 []

<plots/all_mat_female_density.png, id=676, 578.16pt x 578.16pt>
File: plots/all_mat_female_density.png Graphic file (type png)
<use plots/all_mat_female_density.png>
Package pdftex.def Info: plots/all_mat_female_density.png  used on input line 6
233.
(pdftex.def)             Requested size: 578.18504pt x 578.18504pt.

Overfull \hbox (108.43002pt too wide) in paragraph at lines 6233--6233
[][] 
 []

<plots/nevissi1.png, id=677, 433.62pt x 289.08pt>
File: plots/nevissi1.png Graphic file (type png)
<use plots/nevissi1.png>
Package pdftex.def Info: plots/nevissi1.png  used on input line 6239.
(pdftex.def)             Requested size: 422.80096pt x 281.8673pt.
<plots/murphy_time_M.png, id=678, 479.391pt x 564.9105pt>
File: plots/murphy_time_M.png Graphic file (type png)
<use plots/murphy_time_M.png>
Package pdftex.def Info: plots/murphy_time_M.png  used on input line 6245.
(pdftex.def)             Requested size: 479.41177pt x 564.93497pt.

Overfull \hbox (9.65675pt too wide) in paragraph at lines 6245--6245
[][] 
 []

<plots/old_shell_males_at_len.png, id=680, 505.89pt x 722.7pt>
File: plots/old_shell_males_at_len.png Graphic file (type png)
<use plots/old_shell_males_at_len.png>
Package pdftex.def Info: plots/old_shell_males_at_len.png  used on input line 6
251.
(pdftex.def)             Requested size: 455.3045pt x 650.43501pt.

LaTeX Warning: Float too large for page by 47.94943pt on input line 6252.

<plots/bycatch.png, id=681, 578.16pt x 578.16pt>
File: plots/bycatch.png Graphic file (type png)
<use plots/bycatch.png>
Package pdftex.def Info: plots/bycatch.png  used on input line 6257.
(pdftex.def)             Requested size: 469.75385pt x 469.75385pt.
<plots/size_ridges_11.png, id=682, 578.16pt x 578.16pt>
File: plots/size_ridges_11.png Graphic file (type png)
<use plots/size_ridges_11.png>
Package pdftex.def Info: plots/size_ridges_11.png  used on input line 6265.
(pdftex.def)             Requested size: 469.75385pt x 469.75385pt.
<plots/size_ridges_10.png, id=683, 578.16pt x 578.16pt>
File: plots/size_ridges_10.png Graphic file (type png)
<use plots/size_ridges_10.png>
Package pdftex.def Info: plots/size_ridges_10.png  used on input line 6271.
(pdftex.def)             Requested size: 469.75385pt x 469.75385pt.
<plots/female_centroids.png, id=684, 578.16pt x 578.16pt>
File: plots/female_centroids.png Graphic file (type png)
<use plots/female_centroids.png>
Package pdftex.def Info: plots/female_centroids.png  used on input line 6277.
(pdftex.def)             Requested size: 469.75385pt x 469.75385pt.
<plots/male_centroids.png, id=685, 578.16pt x 578.16pt>
File: plots/male_centroids.png Graphic file (type png)
<use plots/male_centroids.png>
Package pdftex.def Info: plots/male_centroids.png  used on input line 6283.
(pdftex.def)             Requested size: 469.75385pt x 469.75385pt.
<plots/BSFRF_map_plots.png, id=686, 578.16pt x 578.16pt>
File: plots/BSFRF_map_plots.png Graphic file (type png)
<use plots/BSFRF_map_plots.png>
Package pdftex.def Info: plots/BSFRF_map_plots.png  used on input line 6289.
(pdftex.def)             Requested size: 578.18504pt x 578.18504pt.

Overfull \hbox (108.43002pt too wide) in paragraph at lines 6289--6289
[][] 
 []

<SAFE_document_files/figure-latex/unnamed-chunk-31-1.pdf, id=687, 614.295pt x 7
22.7pt>
File: SAFE_document_files/figure-latex/unnamed-chunk-31-1.pdf Graphic file (typ
e pdf)
<use SAFE_document_files/figure-latex/unnamed-chunk-31-1.pdf>
Package pdftex.def Info: SAFE_document_files/figure-latex/unnamed-chunk-31-1.pd
f  used on input line 6296.
(pdftex.def)             Requested size: 469.75604pt x 552.65417pt.
<SAFE_document_files/figure-latex/unnamed-chunk-32-1.pdf, id=688, 614.295pt x 7
22.7pt>
File: SAFE_document_files/figure-latex/unnamed-chunk-32-1.pdf Graphic file (typ
e pdf)
<use SAFE_document_files/figure-latex/unnamed-chunk-32-1.pdf>
Package pdftex.def Info: SAFE_document_files/figure-latex/unnamed-chunk-32-1.pd
f  used on input line 6306.
(pdftex.def)             Requested size: 469.75604pt x 552.65417pt.
<plots/BSFRF_NMFS_select.png, id=689, 361.35pt x 578.16pt>
File: plots/BSFRF_NMFS_select.png Graphic file (type png)
<use plots/BSFRF_NMFS_select.png>
Package pdftex.def Info: plots/BSFRF_NMFS_select.png  used on input line 6315.
(pdftex.def)             Requested size: 361.36566pt x 578.18504pt.
<plots/BSFRF_NMFS_select_allyrs.png, id=690, 361.35pt x 289.08pt>
File: plots/BSFRF_NMFS_select_allyrs.png Graphic file (type png)
<use plots/BSFRF_NMFS_select_allyrs.png>
Package pdftex.def Info: plots/BSFRF_NMFS_select_allyrs.png  used on input line
 6321.
(pdftex.def)             Requested size: 361.36566pt x 289.09251pt.
<plots/Sample_sizes.png, id=691, 361.35pt x 289.08pt>
File: plots/Sample_sizes.png Graphic file (type png)
<use plots/Sample_sizes.png>
Package pdftex.def Info: plots/Sample_sizes.png  used on input line 6327.
(pdftex.def)             Requested size: 361.36566pt x 289.09251pt.
<plots/cpue_MARE.png, id=692, 578.16pt x 578.16pt>
File: plots/cpue_MARE.png Graphic file (type png)
<use plots/cpue_MARE.png>
Package pdftex.def Info: plots/cpue_MARE.png  used on input line 6333.
(pdftex.def)             Requested size: 469.75385pt x 469.75385pt.
<plots/size_comp_MAE.png, id=693, 578.16pt x 578.16pt>
File: plots/size_comp_MAE.png Graphic file (type png)
<use plots/size_comp_MAE.png>
Package pdftex.def Info: plots/size_comp_MAE.png  used on input line 6339.
(pdftex.def)             Requested size: 469.75385pt x 469.75385pt.
<plots/retro_mmb_2.png, id=694, 578.16pt x 578.16pt>
File: plots/retro_mmb_2.png Graphic file (type png)
<use plots/retro_mmb_2.png>
Package pdftex.def Info: plots/retro_mmb_2.png  used on input line 6345.
(pdftex.def)             Requested size: 469.75385pt x 469.75385pt.
<SAFE_document_files/figure-latex/unnamed-chunk-39-1.pdf, id=695, 614.295pt x 5
05.89pt>
File: SAFE_document_files/figure-latex/unnamed-chunk-39-1.pdf Graphic file (typ
e pdf)
<use SAFE_document_files/figure-latex/unnamed-chunk-39-1.pdf>
Package pdftex.def Info: SAFE_document_files/figure-latex/unnamed-chunk-39-1.pd
f  used on input line 6352.
(pdftex.def)             Requested size: 469.75604pt x 386.85791pt.
<SAFE_document_files/figure-latex/unnamed-chunk-41-1.pdf, id=696, 505.89pt x 57
8.16pt>
File: SAFE_document_files/figure-latex/unnamed-chunk-41-1.pdf Graphic file (typ
e pdf)
<use SAFE_document_files/figure-latex/unnamed-chunk-41-1.pdf>
Package pdftex.def Info: SAFE_document_files/figure-latex/unnamed-chunk-41-1.pd
f  used on input line 6363.
(pdftex.def)             Requested size: 469.76265pt x 536.87161pt.
<SAFE_document_files/figure-latex/unnamed-chunk-42-1.pdf, id=697, 578.16pt x 72
2.7pt>
File: SAFE_document_files/figure-latex/unnamed-chunk-42-1.pdf Graphic file (typ
e pdf)
<use SAFE_document_files/figure-latex/unnamed-chunk-42-1.pdf>
Package pdftex.def Info: SAFE_document_files/figure-latex/unnamed-chunk-42-1.pd
f  used on input line 6371.
(pdftex.def)             Requested size: 469.75385pt x 587.1923pt.
<SAFE_document_files/figure-latex/unnamed-chunk-43-1.pdf, id=698, 614.295pt x 7
22.7pt>
File: SAFE_document_files/figure-latex/unnamed-chunk-43-1.pdf Graphic file (typ
e pdf)
<use SAFE_document_files/figure-latex/unnamed-chunk-43-1.pdf>
Package pdftex.def Info: SAFE_document_files/figure-latex/unnamed-chunk-43-1.pd
f  used on input line 6379.
(pdftex.def)             Requested size: 469.75604pt x 552.65417pt.
<SAFE_document_files/figure-latex/unnamed-chunk-44-1.pdf, id=699, 614.295pt x 7
22.7pt>
File: SAFE_document_files/figure-latex/unnamed-chunk-44-1.pdf Graphic file (typ
e pdf)
<use SAFE_document_files/figure-latex/unnamed-chunk-44-1.pdf>
Package pdftex.def Info: SAFE_document_files/figure-latex/unnamed-chunk-44-1.pd
f  used on input line 6388.
(pdftex.def)             Requested size: 469.75604pt x 552.65417pt.
<SAFE_document_files/figure-latex/unnamed-chunk-45-1.pdf, id=700, 614.295pt x 7
22.7pt>
File: SAFE_document_files/figure-latex/unnamed-chunk-45-1.pdf Graphic file (typ
e pdf)
<use SAFE_document_files/figure-latex/unnamed-chunk-45-1.pdf>
Package pdftex.def Info: SAFE_document_files/figure-latex/unnamed-chunk-45-1.pd
f  used on input line 6397.
(pdftex.def)             Requested size: 469.75604pt x 552.65417pt.
<SAFE_document_files/figure-latex/unnamed-chunk-46-1.pdf, id=701, 505.89pt x 50
5.89pt>
File: SAFE_document_files/figure-latex/unnamed-chunk-46-1.pdf Graphic file (typ
e pdf)
<use SAFE_document_files/figure-latex/unnamed-chunk-46-1.pdf>
Package pdftex.def Info: SAFE_document_files/figure-latex/unnamed-chunk-46-1.pd
f  used on input line 6406.
(pdftex.def)             Requested size: 469.76265pt x 469.76265pt.
<SAFE_document_files/figure-latex/unnamed-chunk-47-1.pdf, id=702, 614.295pt x 7
22.7pt>
File: SAFE_document_files/figure-latex/unnamed-chunk-47-1.pdf Graphic file (typ
e pdf)
<use SAFE_document_files/figure-latex/unnamed-chunk-47-1.pdf>
Package pdftex.def Info: SAFE_document_files/figure-latex/unnamed-chunk-47-1.pd
f  used on input line 6415.
(pdftex.def)             Requested size: 469.75604pt x 552.65417pt.
<SAFE_document_files/figure-latex/unnamed-chunk-48-1.pdf, id=703, 614.295pt x 7
22.7pt>
File: SAFE_document_files/figure-latex/unnamed-chunk-48-1.pdf Graphic file (typ
e pdf)
<use SAFE_document_files/figure-latex/unnamed-chunk-48-1.pdf>
Package pdftex.def Info: SAFE_document_files/figure-latex/unnamed-chunk-48-1.pd
f  used on input line 6427.
(pdftex.def)             Requested size: 469.75604pt x 552.65417pt.
<SAFE_document_files/figure-latex/unnamed-chunk-49-1.pdf, id=704, 614.295pt x 7
22.7pt>
File: SAFE_document_files/figure-latex/unnamed-chunk-49-1.pdf Graphic file (typ
e pdf)
<use SAFE_document_files/figure-latex/unnamed-chunk-49-1.pdf>
Package pdftex.def Info: SAFE_document_files/figure-latex/unnamed-chunk-49-1.pd
f  used on input line 6439.
(pdftex.def)             Requested size: 469.75604pt x 552.65417pt.
<SAFE_document_files/figure-latex/unnamed-chunk-50-1.pdf, id=705, 614.295pt x 7
22.7pt>
File: SAFE_document_files/figure-latex/unnamed-chunk-50-1.pdf Graphic file (typ
e pdf)
<use SAFE_document_files/figure-latex/unnamed-chunk-50-1.pdf>
Package pdftex.def Info: SAFE_document_files/figure-latex/unnamed-chunk-50-1.pd
f  used on input line 6451.
(pdftex.def)             Requested size: 469.75604pt x 552.65417pt.
<SAFE_document_files/figure-latex/unnamed-chunk-51-1.pdf, id=706, 614.295pt x 7
22.7pt>
File: SAFE_document_files/figure-latex/unnamed-chunk-51-1.pdf Graphic file (typ
e pdf)
<use SAFE_document_files/figure-latex/unnamed-chunk-51-1.pdf>
Package pdftex.def Info: SAFE_document_files/figure-latex/unnamed-chunk-51-1.pd
f  used on input line 6463.
(pdftex.def)             Requested size: 469.75604pt x 552.65417pt.
<SAFE_document_files/figure-latex/unnamed-chunk-52-1.pdf, id=707, 614.295pt x 7
22.7pt>
File: SAFE_document_files/figure-latex/unnamed-chunk-52-1.pdf Graphic file (typ
e pdf)
<use SAFE_document_files/figure-latex/unnamed-chunk-52-1.pdf>
Package pdftex.def Info: SAFE_document_files/figure-latex/unnamed-chunk-52-1.pd
f  used on input line 6473.
(pdftex.def)             Requested size: 469.75604pt x 552.65417pt.
<SAFE_document_files/figure-latex/unnamed-chunk-53-1.pdf, id=708, 578.16pt x 36
1.35pt>
File: SAFE_document_files/figure-latex/unnamed-chunk-53-1.pdf Graphic file (typ
e pdf)
<use SAFE_document_files/figure-latex/unnamed-chunk-53-1.pdf>
Package pdftex.def Info: SAFE_document_files/figure-latex/unnamed-chunk-53-1.pd
f  used on input line 6483.
(pdftex.def)             Requested size: 469.75385pt x 293.59616pt.
<SAFE_document_files/figure-latex/unnamed-chunk-54-1.pdf, id=709, 614.295pt x 3
61.35pt>
File: SAFE_document_files/figure-latex/unnamed-chunk-54-1.pdf Graphic file (typ
e pdf)
<use SAFE_document_files/figure-latex/unnamed-chunk-54-1.pdf>
Package pdftex.def Info: SAFE_document_files/figure-latex/unnamed-chunk-54-1.pd
f  used on input line 6492.
(pdftex.def)             Requested size: 469.75604pt x 276.32709pt.
<SAFE_document_files/figure-latex/unnamed-chunk-55-1.pdf, id=710, 578.16pt x 72
2.7pt>
File: SAFE_document_files/figure-latex/unnamed-chunk-55-1.pdf Graphic file (typ
e pdf)
<use SAFE_document_files/figure-latex/unnamed-chunk-55-1.pdf>
Package pdftex.def Info: SAFE_document_files/figure-latex/unnamed-chunk-55-1.pd
f  used on input line 6503.
(pdftex.def)             Requested size: 469.75385pt x 587.1923pt.
<SAFE_document_files/figure-latex/unnamed-chunk-56-1.pdf, id=711, 578.16pt x 72
2.7pt>
File: SAFE_document_files/figure-latex/unnamed-chunk-56-1.pdf Graphic file (typ
e pdf)
<use SAFE_document_files/figure-latex/unnamed-chunk-56-1.pdf>
Package pdftex.def Info: SAFE_document_files/figure-latex/unnamed-chunk-56-1.pd
f  used on input line 6511.
(pdftex.def)             Requested size: 469.75385pt x 587.1923pt.
<SAFE_document_files/figure-latex/unnamed-chunk-57-1.pdf, id=712, 578.16pt x 43
3.62pt>
File: SAFE_document_files/figure-latex/unnamed-chunk-57-1.pdf Graphic file (typ
e pdf)
<use SAFE_document_files/figure-latex/unnamed-chunk-57-1.pdf>
Package pdftex.def Info: SAFE_document_files/figure-latex/unnamed-chunk-57-1.pd
f  used on input line 6520.
(pdftex.def)             Requested size: 469.75385pt x 352.31538pt.
<SAFE_document_files/figure-latex/unnamed-chunk-58-1.pdf, id=713, 578.16pt x 65
0.43pt>
File: SAFE_document_files/figure-latex/unnamed-chunk-58-1.pdf Graphic file (typ
e pdf)
<use SAFE_document_files/figure-latex/unnamed-chunk-58-1.pdf>
Package pdftex.def Info: SAFE_document_files/figure-latex/unnamed-chunk-58-1.pd
f  used on input line 6528.
(pdftex.def)             Requested size: 469.75385pt x 528.47307pt.
<SAFE_document_files/figure-latex/unnamed-chunk-59-1.pdf, id=714, 614.295pt x 5
78.16pt>
File: SAFE_document_files/figure-latex/unnamed-chunk-59-1.pdf Graphic file (typ
e pdf)
<use SAFE_document_files/figure-latex/unnamed-chunk-59-1.pdf>
Package pdftex.def Info: SAFE_document_files/figure-latex/unnamed-chunk-59-1.pd
f  used on input line 6537.
(pdftex.def)             Requested size: 469.75604pt x 442.12334pt.
<C:/snow_2020/plots/compare_rec.png, id=715, 578.16pt x 578.16pt>
File: C:/snow_2020/plots/compare_rec.png Graphic file (type png)
<use C:/snow_2020/plots/compare_rec.png>
Package pdftex.def Info: C:/snow_2020/plots/compare_rec.png  used on input line
 6545.
(pdftex.def)             Requested size: 469.75385pt x 469.75385pt.
<plots/compare_mmb.png, id=716, 578.16pt x 469.755pt>
File: plots/compare_mmb.png Graphic file (type png)
<use plots/compare_mmb.png>
Package pdftex.def Info: plots/compare_mmb.png  used on input line 6551.
(pdftex.def)             Requested size: 469.75385pt x 381.675pt.
<plots/compare_table.png, id=717, 754.82pt x 407.5225pt>
File: plots/compare_table.png Graphic file (type png)
<use plots/compare_table.png>
Package pdftex.def Info: plots/compare_table.png  used on input line 6557.
(pdftex.def)             Requested size: 469.7573pt x 253.61894pt.
<SAFE_document_files/figure-latex/unnamed-chunk-63-1.pdf, id=718, 614.295pt x 3
61.35pt>
File: SAFE_document_files/figure-latex/unnamed-chunk-63-1.pdf Graphic file (typ
e pdf)
<use SAFE_document_files/figure-latex/unnamed-chunk-63-1.pdf>
Package pdftex.def Info: SAFE_document_files/figure-latex/unnamed-chunk-63-1.pd
f  used on input line 6564.
(pdftex.def)             Requested size: 469.75604pt x 276.32709pt.
<plots/retro_term_yr_mmb.png, id=719, 578.16pt x 325.215pt>
File: plots/retro_term_yr_mmb.png Graphic file (type png)
<use plots/retro_term_yr_mmb.png>
Package pdftex.def Info: plots/retro_term_yr_mmb.png  used on input line 6572.
(pdftex.def)             Requested size: 469.75385pt x 264.23653pt.
<plots/retro_OFL.png, id=720, 578.16pt x 325.215pt>
File: plots/retro_OFL.png Graphic file (type png)
<use plots/retro_OFL.png>
Package pdftex.def Info: plots/retro_OFL.png  used on input line 6578.
(pdftex.def)             Requested size: 469.75385pt x 264.23653pt.
<plots/retro_q_m.png, id=721, 578.16pt x 325.215pt>
File: plots/retro_q_m.png Graphic file (type png)
<use plots/retro_q_m.png>
Package pdftex.def Info: plots/retro_q_m.png  used on input line 6584.
(pdftex.def)             Requested size: 469.75385pt x 264.23653pt.
<plots/projection_20.png, id=722, 578.16pt x 361.35pt>
File: plots/projection_20.png Graphic file (type png)
<use plots/projection_20.png>
Package pdftex.def Info: plots/projection_20.png  used on input line 6590.
(pdftex.def)             Requested size: 469.75385pt x 293.59616pt.
<SAFE_document_files/figure-latex/unnamed-chunk-68-1.pdf, id=723, 505.89pt x 72
2.7pt>
File: SAFE_document_files/figure-latex/unnamed-chunk-68-1.pdf Graphic file (typ
e pdf)
<use SAFE_document_files/figure-latex/unnamed-chunk-68-1.pdf>
Package pdftex.def Info: SAFE_document_files/figure-latex/unnamed-chunk-68-1.pd
f  used on input line 6597.
(pdftex.def)             Requested size: 455.3045pt x 650.43501pt.

LaTeX Warning: Float too large for page by 34.005pt on input line 6600.

pdfTeX warning (ext4): destination with the same identifier (name{page.}) has b
een already used, duplicate ignored
<to be read again> 
                   \relax 
l.6604 \end{document}
                      [44 <./plots/all_male_density.png>]pdfTeX warning (ext4):
 destination with the same identifier (name{page.}) has been already used, dupl
icate ignored
<to be read again> 
                   \relax 
l.6604 \end{document}
                      [45 <./plots/all_female_density.png>]pdfTeX warning (ext4
): destination with the same identifier (name{page.}) has been already used, du
plicate ignored
<to be read again> 
                   \relax 
l.6604 \end{document}
                      [46 <./plots/all_male77_density.png>]pdfTeX warning (ext4
): destination with the same identifier (name{page.}) has been already used, du
plicate ignored
<to be read again> 
                   \relax 
l.6604 \end{document}
                      [47 <./plots/all_male101_density.png>]pdfTeX warning (ext
4): destination with the same identifier (name{page.}) has been already used, d
uplicate ignored
<to be read again> 
                   \relax 
l.6604 \end{document}
                      [48 <./plots/all_mat_female_density.png>]pdfTeX warning (
ext4): destination with the same identifier (name{page.}) has been already used
, duplicate ignored
<to be read again> 
                   \relax 
l.6604 \end{document}
                      [49 <./plots/nevissi1.png>]pdfTeX warning (ext4): destina
tion with the same identifier (name{page.}) has been already used, duplicate ig
nored
<to be read again> 
                   \relax 
l.6604 \end{document}
                      [50 <./plots/murphy_time_M.png>]pdfTeX warning (ext4): de
stination with the same identifier (name{page.}) has been already used, duplica
te ignored
<to be read again> 
                   \relax 
l.6604 \end{document}
                      [51 <./plots/old_shell_males_at_len.png>]pdfTeX warning (
ext4): destination with the same identifier (name{page.}) has been already used
, duplicate ignored
<to be read again> 
                   \relax 
l.6604 \end{document}
                      [52 <./plots/bycatch.png>]pdfTeX warning (ext4): destinat
ion with the same identifier (name{page.}) has been already used, duplicate ign
ored
<to be read again> 
                   \relax 
l.6604 \end{document}
                      [53 <./plots/size_ridges_11.png>]pdfTeX warning (ext4): d
estination with the same identifier (name{page.}) has been already used, duplic
ate ignored
<to be read again> 
                   \relax 
l.6604 \end{document}
                      [54 <./plots/size_ridges_10.png>]pdfTeX warning (ext4): d
estination with the same identifier (name{page.}) has been already used, duplic
ate ignored
<to be read again> 
                   \relax 
l.6604 \end{document}
                      [55 <./plots/female_centroids.png (PNG copy)>]pdfTeX warn
ing (ext4): destination with the same identifier (name{page.}) has been already
 used, duplicate ignored
<to be read again> 
                   \relax 
l.6604 \end{document}
                      [56 <./plots/male_centroids.png (PNG copy)>]pdfTeX warnin
g (ext4): destination with the same identifier (name{page.}) has been already u
sed, duplicate ignored
<to be read again> 
                   \relax 
l.6604 \end{document}
                      [57 <./plots/BSFRF_map_plots.png>]pdfTeX warning (ext4): 
destination with the same identifier (name{page.}) has been already used, dupli
cate ignored
<to be read again> 
                   \relax 
l.6604 \end{document}
                      [58 <./SAFE_document_files/figure-latex/unnamed-chunk-31-
1.pdf>]pdfTeX warning (ext4): destination with the same identifier (name{page.}
) has been already used, duplicate ignored
<to be read again> 
                   \relax 
l.6604 \end{document}
                      [59 <./SAFE_document_files/figure-latex/unnamed-chunk-32-
1.pdf>]pdfTeX warning (ext4): destination with the same identifier (name{page.}
) has been already used, duplicate ignored
<to be read again> 
                   \relax 
l.6604 \end{document}
                      [60 <./plots/BSFRF_NMFS_select.png>]pdfTeX warning (ext4)
: destination with the same identifier (name{page.}) has been already used, dup
licate ignored
<to be read again> 
                   \relax 
l.6604 \end{document}
                      [61 <./plots/BSFRF_NMFS_select_allyrs.png> <./plots/Sampl
e_sizes.png>]pdfTeX warning (ext4): destination with the same identifier (name{
page.}) has been already used, duplicate ignored
<to be read again> 
                   \relax 
l.6604 \end{document}
                      [62 <./plots/cpue_MARE.png (PNG copy)>]pdfTeX warning (ex
t4): destination with the same identifier (name{page.}) has been already used, 
duplicate ignored
<to be read again> 
                   \relax 
l.6604 \end{document}
                      [63 <./plots/size_comp_MAE.png (PNG copy)>]pdfTeX warning
 (ext4): destination with the same identifier (name{page.}) has been already us
ed, duplicate ignored
<to be read again> 
                   \relax 
l.6604 \end{document}
                      [64 <./plots/retro_mmb_2.png>]pdfTeX warning (ext4): dest
ination with the same identifier (name{page.}) has been already used, duplicate
 ignored
<to be read again> 
                   \relax 
l.6604 \end{document}
                      [65 <./SAFE_document_files/figure-latex/unnamed-chunk-39-
1.pdf>]pdfTeX warning (ext4): destination with the same identifier (name{page.}
) has been already used, duplicate ignored
<to be read again> 
                   \relax 
l.6604 \end{document}
                      [66 <./SAFE_document_files/figure-latex/unnamed-chunk-41-
1.pdf>]pdfTeX warning (ext4): destination with the same identifier (name{page.}
) has been already used, duplicate ignored
<to be read again> 
                   \relax 
l.6604 \end{document}
                      [67 <./SAFE_document_files/figure-latex/unnamed-chunk-42-
1.pdf>]pdfTeX warning (ext4): destination with the same identifier (name{page.}
) has been already used, duplicate ignored
<to be read again> 
                   \relax 
l.6604 \end{document}
                      [68 <./SAFE_document_files/figure-latex/unnamed-chunk-43-
1.pdf>]pdfTeX warning (ext4): destination with the same identifier (name{page.}
) has been already used, duplicate ignored
<to be read again> 
                   \relax 
l.6604 \end{document}
                      [69 <./SAFE_document_files/figure-latex/unnamed-chunk-44-
1.pdf>]pdfTeX warning (ext4): destination with the same identifier (name{page.}
) has been already used, duplicate ignored
<to be read again> 
                   \relax 
l.6604 \end{document}
                      [70 <./SAFE_document_files/figure-latex/unnamed-chunk-45-
1.pdf>]pdfTeX warning (ext4): destination with the same identifier (name{page.}
) has been already used, duplicate ignored
<to be read again> 
                   \relax 
l.6604 \end{document}
                      [71 <./SAFE_document_files/figure-latex/unnamed-chunk-46-
1.pdf>]pdfTeX warning (ext4): destination with the same identifier (name{page.}
) has been already used, duplicate ignored
<to be read again> 
                   \relax 
l.6604 \end{document}
                      [72 <./SAFE_document_files/figure-latex/unnamed-chunk-47-
1.pdf>]pdfTeX warning (ext4): destination with the same identifier (name{page.}
) has been already used, duplicate ignored
<to be read again> 
                   \relax 
l.6604 \end{document}
                      [73 <./SAFE_document_files/figure-latex/unnamed-chunk-48-
1.pdf>]pdfTeX warning (ext4): destination with the same identifier (name{page.}
) has been already used, duplicate ignored
<to be read again> 
                   \relax 
l.6604 \end{document}
                      [74 <./SAFE_document_files/figure-latex/unnamed-chunk-49-
1.pdf>]pdfTeX warning (ext4): destination with the same identifier (name{page.}
) has been already used, duplicate ignored
<to be read again> 
                   \relax 
l.6604 \end{document}
                      [75 <./SAFE_document_files/figure-latex/unnamed-chunk-50-
1.pdf>]pdfTeX warning (ext4): destination with the same identifier (name{page.}
) has been already used, duplicate ignored
<to be read again> 
                   \relax 
l.6604 \end{document}
                      [76 <./SAFE_document_files/figure-latex/unnamed-chunk-51-
1.pdf>]pdfTeX warning (ext4): destination with the same identifier (name{page.}
) has been already used, duplicate ignored
<to be read again> 
                   \relax 
l.6604 \end{document}
                      [77 <./SAFE_document_files/figure-latex/unnamed-chunk-52-
1.pdf>]pdfTeX warning (ext4): destination with the same identifier (name{page.}
) has been already used, duplicate ignored
<to be read again> 
                   \relax 
l.6604 \end{document}
                      [78 <./SAFE_document_files/figure-latex/unnamed-chunk-53-
1.pdf> <./SAFE_document_files/figure-latex/unnamed-chunk-54-1.pdf>]pdfTeX warni
ng (ext4): destination with the same identifier (name{page.}) has been already 
used, duplicate ignored
<to be read again> 
                   \relax 
l.6604 \end{document}
                      [79 <./SAFE_document_files/figure-latex/unnamed-chunk-55-
1.pdf>]pdfTeX warning (ext4): destination with the same identifier (name{page.}
) has been already used, duplicate ignored
<to be read again> 
                   \relax 
l.6604 \end{document}
                      [80 <./SAFE_document_files/figure-latex/unnamed-chunk-56-
1.pdf>]pdfTeX warning (ext4): destination with the same identifier (name{page.}
) has been already used, duplicate ignored
<to be read again> 
                   \relax 
l.6604 \end{document}
                      [81 <./SAFE_document_files/figure-latex/unnamed-chunk-57-
1.pdf>]pdfTeX warning (ext4): destination with the same identifier (name{page.}
) has been already used, duplicate ignored
<to be read again> 
                   \relax 
l.6604 \end{document}
                      [82 <./SAFE_document_files/figure-latex/unnamed-chunk-58-
1.pdf>]pdfTeX warning (ext4): destination with the same identifier (name{page.}
) has been already used, duplicate ignored
<to be read again> 
                   \relax 
l.6604 \end{document}
                      [83 <./SAFE_document_files/figure-latex/unnamed-chunk-59-
1.pdf>]pdfTeX warning (ext4): destination with the same identifier (name{page.}
) has been already used, duplicate ignored
<to be read again> 
                   \relax 
l.6604 \end{document}
                      [84 <c:/snow_2020/plots/compare_rec.png>]pdfTeX warning (
ext4): destination with the same identifier (name{page.}) has been already used
, duplicate ignored
<to be read again> 
                   \relax 
l.6604 \end{document}
                      [85 <./plots/compare_mmb.png>]pdfTeX warning (ext4): dest
ination with the same identifier (name{page.}) has been already used, duplicate
 ignored
<to be read again> 
                   \relax 
l.6604 \end{document}
                      [86 <./plots/compare_table.png> <./SAFE_document_files/fi
gure-latex/unnamed-chunk-63-1.pdf>]pdfTeX warning (ext4): destination with the 
same identifier (name{page.}) has been already used, duplicate ignored
<to be read again> 
                   \relax 
l.6604 \end{document}
                      [87 <./plots/retro_term_yr_mmb.png> <./plots/retro_OFL.pn
g>]pdfTeX warning (ext4): destination with the same identifier (name{page.}) ha
s been already used, duplicate ignored
<to be read again> 
                   \relax 
l.6604 \end{document}
                      [88 <./plots/retro_q_m.png> <./plots/projection_20.png>]p
dfTeX warning (ext4): destination with the same identifier (name{page.}) has be
en already used, duplicate ignored
<to be read again> 
                   \relax 
l.6604 \end{document}
                      [89 <./SAFE_document_files/figure-latex/unnamed-chunk-68-
1.pdf>] (./SAFE_document.aux)
Package rerunfilecheck Info: File `SAFE_document.out' has not changed.
(rerunfilecheck)             Checksum: 3EDE616F5056ABC859C0AF7608F774C3;8847.

LaTeX Warning: There were undefined references.


LaTeX Warning: There were multiply-defined labels.

 ) 
Here is how much of TeX's memory you used:
 11679 strings out of 481886
 176262 string characters out of 5930546
 542996 words of memory out of 5000000
 27493 multiletter control sequences out of 15000+600000
 601221 words of font info for 74 fonts, out of 8000000 for 9000
 14 hyphenation exceptions out of 8191
 60i,19n,66p,577b,445s stack positions out of 5000i,500n,10000p,200000b,80000s
{c:/Users/Cody/AppData/Roaming/TinyTeX/texmf-dist/fonts/enc/dvips/lm/lm-maths
y.enc}{c:/Users/Cody/AppData/Roaming/TinyTeX/texmf-dist/fonts/enc/dvips/lm/lm-r
m.enc}{c:/Users/Cody/AppData/Roaming/TinyTeX/texmf-dist/fonts/enc/dvips/lm/lm-m
athit.enc}{c:/Users/Cody/AppData/Roaming/TinyTeX/texmf-dist/fonts/enc/dvips/lm/
lm-mathex.enc}{c:/Users/Cody/AppData/Roaming/TinyTeX/texmf-dist/fonts/enc/dvips
/lm/lm-ts1.enc}{c:/Users/Cody/AppData/Roaming/TinyTeX/texmf-dist/fonts/enc/dvip
s/lm/lm-ec.enc}<c:/Users/Cody/AppData/Roaming/TinyTeX/texmf-dist/fonts/type1/pu
blic/lm/lmbx10.pfb><c:/Users/Cody/AppData/Roaming/TinyTeX/texmf-dist/fonts/type
1/public/lm/lmbx12.pfb><c:/Users/Cody/AppData/Roaming/TinyTeX/texmf-dist/fonts/
type1/public/lm/lmex10.pfb><c:/Users/Cody/AppData/Roaming/TinyTeX/texmf-dist/fo
nts/type1/public/lm/lmmi10.pfb><c:/Users/Cody/AppData/Roaming/TinyTeX/texmf-dis
t/fonts/type1/public/lm/lmmi5.pfb><c:/Users/Cody/AppData/Roaming/TinyTeX/texmf-
dist/fonts/type1/public/lm/lmmi7.pfb><c:/Users/Cody/AppData/Roaming/TinyTeX/tex
mf-dist/fonts/type1/public/lm/lmr10.pfb><c:/Users/Cody/AppData/Roaming/TinyTeX/
texmf-dist/fonts/type1/public/lm/lmr12.pfb><c:/Users/Cody/AppData/Roaming/TinyT
eX/texmf-dist/fonts/type1/public/lm/lmr17.pfb><c:/Users/Cody/AppData/Roaming/Ti
nyTeX/texmf-dist/fonts/type1/public/lm/lmr5.pfb><c:/Users/Cody/AppData/Roaming/
TinyTeX/texmf-dist/fonts/type1/public/lm/lmr7.pfb><c:/Users/Cody/AppData/Roamin
g/TinyTeX/texmf-dist/fonts/type1/public/lm/lmri10.pfb><c:/Users/Cody/AppData/Ro
aming/TinyTeX/texmf-dist/fonts/type1/public/lm/lmri7.pfb><c:/Users/Cody/AppData
/Roaming/TinyTeX/texmf-dist/fonts/type1/public/lm/lmsy10.pfb><c:/Users/Cody/App
Data/Roaming/TinyTeX/texmf-dist/fonts/type1/public/lm/lmsy5.pfb><c:/Users/Cody/
AppData/Roaming/TinyTeX/texmf-dist/fonts/type1/public/lm/lmsy7.pfb>
Output written on SAFE_document.pdf (89 pages, 5405230 bytes).
PDF statistics:
 1134 PDF objects out of 1200 (max. 8388607)
 920 compressed objects within 10 object streams
 247 named destinations out of 1000 (max. 500000)
 640 words of extra memory for PDF output out of 10000 (max. 10000000)

